<?xml version="1.0" encoding="UTF-8"?>
<!-- Generated by org.testng.reporters.JUnitReportReporter -->
<testsuite skipped="3" hostname="TANVIs-MacBook-Air.local" name="com.gmail.qa.testcases.LoginPageTest" tests="5" failures="0" timestamp="19 Feb 2019 19:08:30 GMT" time="21.317" errors="0">
  <testcase name="loginPageTitleTest" time="11.002" classname="com.gmail.qa.testcases.LoginPageTest"/>
  <testcase name="signInTextTest" time="10.315" classname="com.gmail.qa.testcases.LoginPageTest"/>
  <testcase name="createAccountLinkTest" classname="com.gmail.qa.testcases.LoginPageTest">
    <skipped/>
  </testcase> <!-- createAccountLinkTest -->
  <testcase name="loginTest" classname="com.gmail.qa.testcases.LoginPageTest">
    <skipped/>
  </testcase> <!-- loginTest -->
  <testcase name="googleTextTest" classname="com.gmail.qa.testcases.LoginPageTest">
    <skipped/>
  </testcase> <!-- googleTextTest -->
</testsuite> <!-- com.gmail.qa.testcases.LoginPageTest -->
