<?xml version="1.0" encoding="UTF-8"?>
<!-- Generated by org.testng.reporters.JUnitReportReporter -->
<testsuite skipped="2" hostname="TANVIs-MacBook-Air.local" name="com.gmail.qa.testcases.LoginPageTest" tests="5" failures="0" timestamp="13 Feb 2019 16:52:58 GMT" time="35.168" errors="0">
  <testcase name="loginPageTitleTest" time="11.364" classname="com.gmail.qa.testcases.LoginPageTest"/>
  <testcase name="signInTextTest" time="10.443" classname="com.gmail.qa.testcases.LoginPageTest"/>
  <testcase name="googleTextTest" time="13.361" classname="com.gmail.qa.testcases.LoginPageTest"/>
  <testcase name="createAccountLinkTest" classname="com.gmail.qa.testcases.LoginPageTest">
    <skipped/>
  </testcase> <!-- createAccountLinkTest -->
  <testcase name="loginTest" classname="com.gmail.qa.testcases.LoginPageTest">
    <skipped/>
  </testcase> <!-- loginTest -->
</testsuite> <!-- com.gmail.qa.testcases.LoginPageTest -->
