<?xml version="1.0" encoding="UTF-8"?>
<!-- Generated by org.testng.reporters.JUnitReportReporter -->
<testsuite skipped="3" hostname="TANVIs-MacBook-Air.local" name="com.gmail.qa.testcases.LoginPageTest" tests="5" failures="0" timestamp="15 Feb 2019 17:46:24 GMT" time="29.378" errors="0">
  <testcase name="loginPageTitleTest" time="11.497" classname="com.gmail.qa.testcases.LoginPageTest"/>
  <testcase name="signInTextTest" time="17.881" classname="com.gmail.qa.testcases.LoginPageTest"/>
  <testcase name="createAccountLinkTest" classname="com.gmail.qa.testcases.LoginPageTest">
    <skipped/>
  </testcase> <!-- createAccountLinkTest -->
  <testcase name="loginTest" classname="com.gmail.qa.testcases.LoginPageTest">
    <skipped/>
  </testcase> <!-- loginTest -->
  <testcase name="googleTextTest" classname="com.gmail.qa.testcases.LoginPageTest">
    <skipped/>
  </testcase> <!-- googleTextTest -->
</testsuite> <!-- com.gmail.qa.testcases.LoginPageTest -->
