<?xml version="1.0" encoding="UTF-8"?>
<!-- Generated by org.testng.reporters.JUnitReportReporter -->
<testsuite skipped="0" hostname="TANVIs-MacBook-Air.local" name="com.gmail.qa.testcases.HomePageTest" tests="4" failures="0" timestamp="19 Feb 2019 19:08:30 GMT" time="105.134" errors="0">
  <testcase name="homePageTitleTest" time="27.562" classname="com.gmail.qa.testcases.HomePageTest"/>
  <testcase name="composeEmailButtonTest" time="24.441" classname="com.gmail.qa.testcases.HomePageTest"/>
  <testcase name="searchTextBoxTest" time="27.784" classname="com.gmail.qa.testcases.HomePageTest"/>
  <testcase name="homePageGmailLogoTest" time="25.347" classname="com.gmail.qa.testcases.HomePageTest"/>
</testsuite> <!-- com.gmail.qa.testcases.HomePageTest -->
